Flow report for finalPoject
Sat Dec 03 21:38:09 2016
Quartus II Version 9.0 Build 235 06/17/2009 Service Pack 2 SJ Web Edition


---------------------
; Table of Contents ;
---------------------
  1. Legal Notice
  2. Flow Summary
  3. Flow Settings
  4. Flow Non-Default Global Settings
  5. Flow Elapsed Time
  6. Flow OS Summary
  7. Flow Log



----------------
; Legal Notice ;
----------------
Copyright (C) 1991-2009 Altera Corporation
Your use of Altera Corporation's design tools, logic functions 
and other software and tools, and its AMPP partner logic 
functions, and any output files from any of the foregoing 
(including device programming or simulation files), and any 
associated documentation or information are expressly subject 
to the terms and conditions of the Altera Program License 
Subscription Agreement, Altera MegaCore Function License 
Agreement, or other applicable license agreement, including, 
without limitation, that your use is for the sole purpose of 
programming logic devices manufactured by Altera and sold by 
Altera or its authorized distributors.  Please refer to the 
applicable agreement for further details.



+------------------------------------------------------------------------+
; Flow Summary                                                           ;
+-------------------------+----------------------------------------------+
; Flow Status             ; Successful - Sat Dec 03 21:38:09 2016        ;
; Quartus II Version      ; 9.0 Build 235 06/17/2009 SP 2 SJ Web Edition ;
; Revision Name           ; finalPoject                                  ;
; Top-level Entity Name   ; transmult                                    ;
; Family                  ; MAX II                                       ;
; Device                  ; EPM1270F256A5                                ;
; Timing Models           ; Final                                        ;
; Met timing requirements ; No                                           ;
; Total logic elements    ; 654 / 1,270 ( 51 % )                         ;
; Total pins              ; 90 / 212 ( 42 % )                            ;
; Total virtual pins      ; 0                                            ;
; UFM blocks              ; 0 / 1 ( 0 % )                                ;
+-------------------------+----------------------------------------------+


+-----------------------------------------+
; Flow Settings                           ;
+-------------------+---------------------+
; Option            ; Setting             ;
+-------------------+---------------------+
; Start date & time ; 12/03/2016 21:37:56 ;
; Main task         ; Compilation         ;
; Revision Name     ; finalPoject         ;
+-------------------+---------------------+


+---------------------------------------------------------------------------------------------------------------------+
; Flow Non-Default Global Settings                                                                                    ;
+---------------------------------------+------------------------------+---------------+-------------+----------------+
; Assignment Name                       ; Value                        ; Default Value ; Entity Name ; Section Id     ;
+---------------------------------------+------------------------------+---------------+-------------+----------------+
; COMPILER_SIGNATURE_ID                 ; 165023370536.148082267623272 ; --            ; --          ; --             ;
; FITTER_EFFORT                         ; Standard Fit                 ; Auto Fit      ; --          ; --             ;
; IP_TOOL_NAME                          ; LPM_FF                       ; --            ; --          ; --             ;
; IP_TOOL_NAME                          ; LPM_MULT                     ; --            ; --          ; --             ;
; IP_TOOL_NAME                          ; LPM_FF                       ; --            ; --          ; --             ;
; IP_TOOL_NAME                          ; LPM_ADD_SUB                  ; --            ; --          ; --             ;
; IP_TOOL_NAME                          ; LPM_MUX                      ; --            ; --          ; --             ;
; IP_TOOL_NAME                          ; LPM_MUX                      ; --            ; --          ; --             ;
; IP_TOOL_VERSION                       ; 9.0                          ; --            ; --          ; --             ;
; IP_TOOL_VERSION                       ; 9.0                          ; --            ; --          ; --             ;
; IP_TOOL_VERSION                       ; 9.0                          ; --            ; --          ; --             ;
; IP_TOOL_VERSION                       ; 9.0                          ; --            ; --          ; --             ;
; IP_TOOL_VERSION                       ; 9.0                          ; --            ; --          ; --             ;
; IP_TOOL_VERSION                       ; 9.0                          ; --            ; --          ; --             ;
; MAX_CORE_JUNCTION_TEMP                ; 125                          ; --            ; --          ; --             ;
; MIN_CORE_JUNCTION_TEMP                ; -40                          ; --            ; --          ; --             ;
; MISC_FILE                             ; lpm_dff0.tdf                 ; --            ; --          ; --             ;
; MISC_FILE                             ; lpm_dff0.bsf                 ; --            ; --          ; --             ;
; MISC_FILE                             ; lpm_dff0.inc                 ; --            ; --          ; --             ;
; MISC_FILE                             ; lpm_mult0.tdf                ; --            ; --          ; --             ;
; MISC_FILE                             ; lpm_mult0.bsf                ; --            ; --          ; --             ;
; MISC_FILE                             ; lpm_mult0.inc                ; --            ; --          ; --             ;
; MISC_FILE                             ; lpm_dff1.tdf                 ; --            ; --          ; --             ;
; MISC_FILE                             ; lpm_dff1.bsf                 ; --            ; --          ; --             ;
; MISC_FILE                             ; lpm_dff1.inc                 ; --            ; --          ; --             ;
; MISC_FILE                             ; lpm_add_sub0.tdf             ; --            ; --          ; --             ;
; MISC_FILE                             ; lpm_add_sub0.bsf             ; --            ; --          ; --             ;
; MISC_FILE                             ; lpm_add_sub0.inc             ; --            ; --          ; --             ;
; MISC_FILE                             ; lpm_mux0.tdf                 ; --            ; --          ; --             ;
; MISC_FILE                             ; lpm_mux0.bsf                 ; --            ; --          ; --             ;
; MISC_FILE                             ; lpm_mux0.inc                 ; --            ; --          ; --             ;
; MISC_FILE                             ; lpm_mux1.tdf                 ; --            ; --          ; --             ;
; MISC_FILE                             ; lpm_mux1.bsf                 ; --            ; --          ; --             ;
; MISC_FILE                             ; lpm_mux1.inc                 ; --            ; --          ; --             ;
; PARTITION_COLOR                       ; 16764057                     ; --            ; transmult   ; Top            ;
; PARTITION_NETLIST_TYPE                ; SOURCE                       ; --            ; transmult   ; Top            ;
; POWER_EXT_SUPPLY_VOLTAGE_TO_REGULATOR ; 3.3V                         ; --            ; --          ; --             ;
; TOP_LEVEL_ENTITY                      ; transmult                    ; finalPoject   ; --          ; --             ;
; USE_GENERATED_PHYSICAL_CONSTRAINTS    ; Off                          ; --            ; --          ; eda_blast_fpga ;
+---------------------------------------+------------------------------+---------------+-------------+----------------+


+-----------------------------------------------------------------------------------------------------------------------------+
; Flow Elapsed Time                                                                                                           ;
+-------------------------+--------------+-------------------------+---------------------+------------------------------------+
; Module Name             ; Elapsed Time ; Average Processors Used ; Peak Virtual Memory ; Total CPU Time (on all processors) ;
+-------------------------+--------------+-------------------------+---------------------+------------------------------------+
; Analysis & Synthesis    ; 00:00:04     ; 1.0                     ; 229 MB              ; 00:00:04                           ;
; Fitter                  ; 00:00:06     ; 1.0                     ; 216 MB              ; 00:00:05                           ;
; Assembler               ; 00:00:01     ; 1.0                     ; 194 MB              ; 00:00:00                           ;
; Classic Timing Analyzer ; 00:00:02     ; 1.0                     ; 169 MB              ; 00:00:01                           ;
; Total                   ; 00:00:13     ; --                      ; --                  ; 00:00:10                           ;
+-------------------------+--------------+-------------------------+---------------------+------------------------------------+


+------------------------------------------------------------------------------------------+
; Flow OS Summary                                                                          ;
+-------------------------+------------------+---------------+------------+----------------+
; Module Name             ; Machine Hostname ; OS Name       ; OS Version ; Processor type ;
+-------------------------+------------------+---------------+------------+----------------+
; Analysis & Synthesis    ; AlexSaladna-PC   ; Windows Vista ; 6.1        ; x86_64         ;
; Fitter                  ; AlexSaladna-PC   ; Windows Vista ; 6.1        ; x86_64         ;
; Assembler               ; AlexSaladna-PC   ; Windows Vista ; 6.1        ; x86_64         ;
; Classic Timing Analyzer ; AlexSaladna-PC   ; Windows Vista ; 6.1        ; x86_64         ;
+-------------------------+------------------+---------------+------------+----------------+


------------
; Flow Log ;
------------
quartus_map --read_settings_files=on --write_settings_files=off finalPoject -c finalPoject
quartus_fit --read_settings_files=off --write_settings_files=off finalPoject -c finalPoject
quartus_asm --read_settings_files=off --write_settings_files=off finalPoject -c finalPoject
quartus_tan --read_settings_files=off --write_settings_files=off finalPoject -c finalPoject



