Analysis & Synthesis report for finalPoject
Mon Dec 05 04:10:48 2016
Quartus II Version 9.0 Build 235 06/17/2009 Service Pack 2 SJ Web Edition


---------------------
; Table of Contents ;
---------------------
  1. Legal Notice
  2. Analysis & Synthesis Summary
  3. Analysis & Synthesis Settings
  4. Analysis & Synthesis Source Files Read
  5. Analysis & Synthesis Resource Usage Summary
  6. Analysis & Synthesis Resource Utilization by Entity
  7. State Machine - |transmult|controller:inst2|pstate
  8. User-Specified and Inferred Latches
  9. Registers Removed During Synthesis
 10. General Register Statistics
 11. Source assignments for MAC:inst4|lpm_add_sub0:inst6|lpm_add_sub:lpm_add_sub_component|addcore:adder
 12. Source assignments for MAC:inst5|lpm_add_sub0:inst6|lpm_add_sub:lpm_add_sub_component|addcore:adder
 13. Parameter Settings for User Entity Instance: controller:inst2
 14. Parameter Settings for User Entity Instance: lpm_mux1:inst13|lpm_mux:lpm_mux_component
 15. Parameter Settings for User Entity Instance: MAC:inst4|lpm_add_sub0:inst6|lpm_add_sub:lpm_add_sub_component
 16. Parameter Settings for User Entity Instance: MAC:inst4|lpm_mult0:inst
 17. Parameter Settings for User Entity Instance: MAC:inst4|lpm_mult0:inst|lpm_mult:lpm_mult_component
 18. Parameter Settings for User Entity Instance: lpm_mux0:inst7|lpm_mux:lpm_mux_component
 19. Parameter Settings for User Entity Instance: MAC:inst5|lpm_add_sub0:inst6|lpm_add_sub:lpm_add_sub_component
 20. Parameter Settings for User Entity Instance: MAC:inst5|lpm_mult0:inst
 21. Parameter Settings for User Entity Instance: MAC:inst5|lpm_mult0:inst|lpm_mult:lpm_mult_component
 22. Parameter Settings for User Entity Instance: lpm_mux0:inst9|lpm_mux:lpm_mux_component
 23. Parameter Settings for User Entity Instance: lpm_mux0:inst8|lpm_mux:lpm_mux_component
 24. lpm_mult Parameter Settings by Entity Instance
 25. Analysis & Synthesis Messages



----------------
; Legal Notice ;
----------------
Copyright (C) 1991-2009 Altera Corporation
Your use of Altera Corporation's design tools, logic functions 
and other software and tools, and its AMPP partner logic 
functions, and any output files from any of the foregoing 
(including device programming or simulation files), and any 
associated documentation or information are expressly subject 
to the terms and conditions of the Altera Program License 
Subscription Agreement, Altera MegaCore Function License 
Agreement, or other applicable license agreement, including, 
without limitation, that your use is for the sole purpose of 
programming logic devices manufactured by Altera and sold by 
Altera or its authorized distributors.  Please refer to the 
applicable agreement for further details.



+----------------------------------------------------------------------------+
; Analysis & Synthesis Summary                                               ;
+-----------------------------+----------------------------------------------+
; Analysis & Synthesis Status ; Successful - Mon Dec 05 04:10:48 2016        ;
; Quartus II Version          ; 9.0 Build 235 06/17/2009 SP 2 SJ Web Edition ;
; Revision Name               ; finalPoject                                  ;
; Top-level Entity Name       ; transmult                                    ;
; Family                      ; MAX II                                       ;
; Total logic elements        ; 1,030                                        ;
; Total pins                  ; 93                                           ;
; Total virtual pins          ; 0                                            ;
; UFM blocks                  ; 0 / 1 ( 0 % )                                ;
+-----------------------------+----------------------------------------------+


+--------------------------------------------------------------------------------------------------------+
; Analysis & Synthesis Settings                                                                          ;
+--------------------------------------------------------------+--------------------+--------------------+
; Option                                                       ; Setting            ; Default Value      ;
+--------------------------------------------------------------+--------------------+--------------------+
; Device                                                       ; EPM1270F256A5      ;                    ;
; Top-level entity name                                        ; transmult          ; finalPoject        ;
; Family name                                                  ; MAX II             ; Stratix II         ;
; Use Generated Physical Constraints File                      ; Off                ;                    ;
; Use smart compilation                                        ; Off                ; Off                ;
; Restructure Multiplexers                                     ; Auto               ; Auto               ;
; Create Debugging Nodes for IP Cores                          ; Off                ; Off                ;
; Preserve fewer node names                                    ; On                 ; On                 ;
; Disable OpenCore Plus hardware evaluation                    ; Off                ; Off                ;
; Verilog Version                                              ; Verilog_2001       ; Verilog_2001       ;
; VHDL Version                                                 ; VHDL93             ; VHDL93             ;
; State Machine Processing                                     ; Auto               ; Auto               ;
; Safe State Machine                                           ; Off                ; Off                ;
; Extract Verilog State Machines                               ; On                 ; On                 ;
; Extract VHDL State Machines                                  ; On                 ; On                 ;
; Ignore Verilog initial constructs                            ; Off                ; Off                ;
; Iteration limit for constant Verilog loops                   ; 5000               ; 5000               ;
; Iteration limit for non-constant Verilog loops               ; 250                ; 250                ;
; Add Pass-Through Logic to Inferred RAMs                      ; On                 ; On                 ;
; Parallel Synthesis                                           ; Off                ; Off                ;
; NOT Gate Push-Back                                           ; On                 ; On                 ;
; Power-Up Don't Care                                          ; On                 ; On                 ;
; Remove Redundant Logic Cells                                 ; Off                ; Off                ;
; Remove Duplicate Registers                                   ; On                 ; On                 ;
; Ignore CARRY Buffers                                         ; Off                ; Off                ;
; Ignore CASCADE Buffers                                       ; Off                ; Off                ;
; Ignore GLOBAL Buffers                                        ; Off                ; Off                ;
; Ignore ROW GLOBAL Buffers                                    ; Off                ; Off                ;
; Ignore LCELL Buffers                                         ; Off                ; Off                ;
; Ignore SOFT Buffers                                          ; On                 ; On                 ;
; Limit AHDL Integers to 32 Bits                               ; Off                ; Off                ;
; Optimization Technique                                       ; Balanced           ; Balanced           ;
; Carry Chain Length                                           ; 70                 ; 70                 ;
; Auto Carry Chains                                            ; On                 ; On                 ;
; Auto Open-Drain Pins                                         ; On                 ; On                 ;
; Perform WYSIWYG Primitive Resynthesis                        ; Off                ; Off                ;
; Auto Shift Register Replacement                              ; Auto               ; Auto               ;
; Auto Clock Enable Replacement                                ; On                 ; On                 ;
; Allow Synchronous Control Signals                            ; On                 ; On                 ;
; Force Use of Synchronous Clear Signals                       ; Off                ; Off                ;
; Auto Resource Sharing                                        ; Off                ; Off                ;
; Use LogicLock Constraints during Resource Balancing          ; On                 ; On                 ;
; Ignore translate_off and synthesis_off directives            ; Off                ; Off                ;
; Show Parameter Settings Tables in Synthesis Report           ; On                 ; On                 ;
; Ignore Maximum Fan-Out Assignments                           ; Off                ; Off                ;
; Synchronization Register Chain Length                        ; 2                  ; 2                  ;
; PowerPlay Power Optimization                                 ; Normal compilation ; Normal compilation ;
; HDL message level                                            ; Level2             ; Level2             ;
; Suppress Register Optimization Related Messages              ; Off                ; Off                ;
; Number of Removed Registers Reported in Synthesis Report     ; 100                ; 100                ;
; Number of Inverted Registers Reported in Synthesis Report    ; 100                ; 100                ;
; Clock MUX Protection                                         ; On                 ; On                 ;
; Block Design Naming                                          ; Auto               ; Auto               ;
; Synthesis Effort                                             ; Auto               ; Auto               ;
; Shift Register Replacement - Allow Asynchronous Clear Signal ; On                 ; On                 ;
; Analysis & Synthesis Message Level                           ; Medium             ; Medium             ;
+--------------------------------------------------------------+--------------------+--------------------+


+--------------------------------------------------------------------------------------------------------------------------------------------------------------------+
; Analysis & Synthesis Source Files Read                                                                                                                             ;
+----------------------------------+-----------------+------------------------------------+--------------------------------------------------------------------------+
; File Name with User-Entered Path ; Used in Netlist ; File Type                          ; File Name with Absolute Path                                             ;
+----------------------------------+-----------------+------------------------------------+--------------------------------------------------------------------------+
; transmult.bdf                    ; yes             ; User Block Diagram/Schematic File  ; C:/Users/Alex Saladna/Desktop/matrix_mult/matrix_mult/transmult.bdf      ;
; MAC.bdf                          ; yes             ; User Block Diagram/Schematic File  ; C:/Users/Alex Saladna/Desktop/matrix_mult/matrix_mult/MAC.bdf            ;
; controller.v                     ; yes             ; User Verilog HDL File              ; C:/Users/Alex Saladna/Desktop/matrix_mult/matrix_mult/controller.v       ;
; demux1to12.v                     ; yes             ; User Verilog HDL File              ; C:/Users/Alex Saladna/Desktop/matrix_mult/matrix_mult/demux1to12.v       ;
; demux1to12_16bit.v               ; yes             ; User Verilog HDL File              ; C:/Users/Alex Saladna/Desktop/matrix_mult/matrix_mult/demux1to12_16bit.v ;
; MAC_Checker.v                    ; yes             ; User Verilog HDL File              ; C:/Users/Alex Saladna/Desktop/matrix_mult/matrix_mult/MAC_Checker.v      ;
; pos_delay.v                      ; yes             ; User Verilog HDL File              ; C:/Users/Alex Saladna/Desktop/matrix_mult/matrix_mult/pos_delay.v        ;
; lpm_mux1.tdf                     ; yes             ; Auto-Found Wizard-Generated File   ; C:/Users/Alex Saladna/Desktop/matrix_mult/matrix_mult/lpm_mux1.tdf       ;
; lpm_mux.inc                      ; yes             ; Auto-Found AHDL File               ; c:/altera/90sp2/quartus/libraries/megafunctions/lpm_mux.inc              ;
; lpm_mux.tdf                      ; yes             ; Megafunction                       ; c:/altera/90sp2/quartus/libraries/megafunctions/lpm_mux.tdf              ;
; aglobal90.inc                    ; yes             ; Megafunction                       ; c:/altera/90sp2/quartus/libraries/megafunctions/aglobal90.inc            ;
; muxlut.inc                       ; yes             ; Megafunction                       ; c:/altera/90sp2/quartus/libraries/megafunctions/muxlut.inc               ;
; bypassff.inc                     ; yes             ; Megafunction                       ; c:/altera/90sp2/quartus/libraries/megafunctions/bypassff.inc             ;
; altshift.inc                     ; yes             ; Megafunction                       ; c:/altera/90sp2/quartus/libraries/megafunctions/altshift.inc             ;
; db/mux_gae.tdf                   ; yes             ; Auto-Generated Megafunction        ; C:/Users/Alex Saladna/Desktop/matrix_mult/matrix_mult/db/mux_gae.tdf     ;
; lpm_add_sub0.tdf                 ; yes             ; Auto-Found Wizard-Generated File   ; C:/Users/Alex Saladna/Desktop/matrix_mult/matrix_mult/lpm_add_sub0.tdf   ;
; lpm_add_sub.inc                  ; yes             ; Megafunction                       ; c:/altera/90sp2/quartus/libraries/megafunctions/lpm_add_sub.inc          ;
; lpm_add_sub.tdf                  ; yes             ; Megafunction                       ; c:/altera/90sp2/quartus/libraries/megafunctions/lpm_add_sub.tdf          ;
; addcore.inc                      ; yes             ; Megafunction                       ; c:/altera/90sp2/quartus/libraries/megafunctions/addcore.inc              ;
; look_add.inc                     ; yes             ; Megafunction                       ; c:/altera/90sp2/quartus/libraries/megafunctions/look_add.inc             ;
; alt_stratix_add_sub.inc          ; yes             ; Megafunction                       ; c:/altera/90sp2/quartus/libraries/megafunctions/alt_stratix_add_sub.inc  ;
; alt_mercury_add_sub.inc          ; yes             ; Megafunction                       ; c:/altera/90sp2/quartus/libraries/megafunctions/alt_mercury_add_sub.inc  ;
; addcore.tdf                      ; yes             ; Megafunction                       ; c:/altera/90sp2/quartus/libraries/megafunctions/addcore.tdf              ;
; a_csnbuffer.inc                  ; yes             ; Megafunction                       ; c:/altera/90sp2/quartus/libraries/megafunctions/a_csnbuffer.inc          ;
; a_csnbuffer.tdf                  ; yes             ; Megafunction                       ; c:/altera/90sp2/quartus/libraries/megafunctions/a_csnbuffer.tdf          ;
; altshift.tdf                     ; yes             ; Megafunction                       ; c:/altera/90sp2/quartus/libraries/megafunctions/altshift.tdf             ;
; lpm_mult0.tdf                    ; yes             ; Auto-Found Wizard-Generated File   ; C:/Users/Alex Saladna/Desktop/matrix_mult/matrix_mult/lpm_mult0.tdf      ;
; lpm_mult.inc                     ; yes             ; Auto-Found AHDL File               ; c:/altera/90sp2/quartus/libraries/megafunctions/lpm_mult.inc             ;
; lpm_mult.tdf                     ; yes             ; Megafunction                       ; c:/altera/90sp2/quartus/libraries/megafunctions/lpm_mult.tdf             ;
; multcore.inc                     ; yes             ; Megafunction                       ; c:/altera/90sp2/quartus/libraries/megafunctions/multcore.inc             ;
; db/mult_0km.tdf                  ; yes             ; Auto-Generated Megafunction        ; C:/Users/Alex Saladna/Desktop/matrix_mult/matrix_mult/db/mult_0km.tdf    ;
; lpm_mux0.tdf                     ; yes             ; Auto-Found Wizard-Generated File   ; C:/Users/Alex Saladna/Desktop/matrix_mult/matrix_mult/lpm_mux0.tdf       ;
; db/mux_9bc.tdf                   ; yes             ; Auto-Generated Megafunction        ; C:/Users/Alex Saladna/Desktop/matrix_mult/matrix_mult/db/mux_9bc.tdf     ;
+----------------------------------+-----------------+------------------------------------+--------------------------------------------------------------------------+


+-----------------------------------------------------+
; Analysis & Synthesis Resource Usage Summary         ;
+---------------------------------------------+-------+
; Resource                                    ; Usage ;
+---------------------------------------------+-------+
; Total logic elements                        ; 1030  ;
;     -- Combinational with no register       ; 628   ;
;     -- Register only                        ; 318   ;
;     -- Combinational with a register        ; 84    ;
;                                             ;       ;
; Logic element usage by number of LUT inputs ;       ;
;     -- 4 input functions                    ; 416   ;
;     -- 3 input functions                    ; 209   ;
;     -- 2 input functions                    ; 73    ;
;     -- 1 input functions                    ; 14    ;
;     -- 0 input functions                    ; 0     ;
;                                             ;       ;
; Logic elements by mode                      ;       ;
;     -- normal mode                          ; 918   ;
;     -- arithmetic mode                      ; 112   ;
;     -- qfbk mode                            ; 0     ;
;     -- register cascade mode                ; 0     ;
;     -- synchronous clear/load mode          ; 0     ;
;     -- asynchronous clear/load mode         ; 31    ;
;                                             ;       ;
; Total registers                             ; 402   ;
; Total logic cells in carry chains           ; 124   ;
; I/O pins                                    ; 93    ;
; Maximum fan-out node                        ; clk   ;
; Maximum fan-out                             ; 402   ;
; Total fan-out                               ; 3571  ;
; Average fan-out                             ; 3.18  ;
+---------------------------------------------+-------+


+------------------------------------------------------------------------------------------------------------------------------------------------------------------------------------------------------------------------------------------------------------------------------------------------------------------------------------+
; Analysis & Synthesis Resource Utilization by Entity                                                                                                                                                                                                                                                                                ;
+----------------------------------------------+-------------+--------------+------------+------+--------------+--------------+-------------------+------------------+-----------------+------------+-----------------------------------------------------------------------------------------------------------------+--------------+
; Compilation Hierarchy Node                   ; Logic Cells ; LC Registers ; UFM Blocks ; Pins ; Virtual Pins ; LUT-Only LCs ; Register-Only LCs ; LUT/Register LCs ; Carry Chain LCs ; Packed LCs ; Full Hierarchy Name                                                                                             ; Library Name ;
+----------------------------------------------+-------------+--------------+------------+------+--------------+--------------+-------------------+------------------+-----------------+------------+-----------------------------------------------------------------------------------------------------------------+--------------+
; |transmult                                   ; 1030 (0)    ; 402          ; 0          ; 93   ; 0            ; 628 (0)      ; 318 (0)           ; 84 (0)           ; 124 (0)         ; 0 (0)      ; |transmult                                                                                                      ; work         ;
;    |MAC:inst4|                               ; 142 (0)     ; 32           ; 0          ; 0    ; 0            ; 110 (0)      ; 16 (0)            ; 16 (0)           ; 62 (0)          ; 0 (0)      ; |transmult|MAC:inst4                                                                                            ; work         ;
;       |MAC_Checker:inst1|                    ; 32 (32)     ; 32           ; 0          ; 0    ; 0            ; 0 (0)        ; 16 (16)           ; 16 (16)          ; 0 (0)           ; 0 (0)      ; |transmult|MAC:inst4|MAC_Checker:inst1                                                                          ; work         ;
;       |lpm_add_sub0:inst6|                   ; 16 (0)      ; 0            ; 0          ; 0    ; 0            ; 16 (0)       ; 0 (0)             ; 0 (0)            ; 16 (0)          ; 0 (0)      ; |transmult|MAC:inst4|lpm_add_sub0:inst6                                                                         ; work         ;
;          |lpm_add_sub:lpm_add_sub_component| ; 16 (0)      ; 0            ; 0          ; 0    ; 0            ; 16 (0)       ; 0 (0)             ; 0 (0)            ; 16 (0)          ; 0 (0)      ; |transmult|MAC:inst4|lpm_add_sub0:inst6|lpm_add_sub:lpm_add_sub_component                                       ; work         ;
;             |addcore:adder|                  ; 16 (0)      ; 0            ; 0          ; 0    ; 0            ; 16 (0)       ; 0 (0)             ; 0 (0)            ; 16 (0)          ; 0 (0)      ; |transmult|MAC:inst4|lpm_add_sub0:inst6|lpm_add_sub:lpm_add_sub_component|addcore:adder                         ; work         ;
;                |a_csnbuffer:result_node|     ; 16 (16)     ; 0            ; 0          ; 0    ; 0            ; 16 (16)      ; 0 (0)             ; 0 (0)            ; 16 (16)         ; 0 (0)      ; |transmult|MAC:inst4|lpm_add_sub0:inst6|lpm_add_sub:lpm_add_sub_component|addcore:adder|a_csnbuffer:result_node ; work         ;
;       |lpm_mult0:inst|                       ; 94 (0)      ; 0            ; 0          ; 0    ; 0            ; 94 (0)       ; 0 (0)             ; 0 (0)            ; 46 (0)          ; 0 (0)      ; |transmult|MAC:inst4|lpm_mult0:inst                                                                             ; work         ;
;          |lpm_mult:lpm_mult_component|       ; 94 (0)      ; 0            ; 0          ; 0    ; 0            ; 94 (0)       ; 0 (0)             ; 0 (0)            ; 46 (0)          ; 0 (0)      ; |transmult|MAC:inst4|lpm_mult0:inst|lpm_mult:lpm_mult_component                                                 ; work         ;
;             |mult_0km:auto_generated|        ; 94 (94)     ; 0            ; 0          ; 0    ; 0            ; 94 (94)      ; 0 (0)             ; 0 (0)            ; 46 (46)         ; 0 (0)      ; |transmult|MAC:inst4|lpm_mult0:inst|lpm_mult:lpm_mult_component|mult_0km:auto_generated                         ; work         ;
;    |MAC:inst5|                               ; 143 (0)     ; 32           ; 0          ; 0    ; 0            ; 111 (0)      ; 16 (0)            ; 16 (0)           ; 62 (0)          ; 0 (0)      ; |transmult|MAC:inst5                                                                                            ; work         ;
;       |MAC_Checker:inst1|                    ; 32 (32)     ; 32           ; 0          ; 0    ; 0            ; 0 (0)        ; 16 (16)           ; 16 (16)          ; 0 (0)           ; 0 (0)      ; |transmult|MAC:inst5|MAC_Checker:inst1                                                                          ; work         ;
;       |lpm_add_sub0:inst6|                   ; 16 (0)      ; 0            ; 0          ; 0    ; 0            ; 16 (0)       ; 0 (0)             ; 0 (0)            ; 16 (0)          ; 0 (0)      ; |transmult|MAC:inst5|lpm_add_sub0:inst6                                                                         ; work         ;
;          |lpm_add_sub:lpm_add_sub_component| ; 16 (0)      ; 0            ; 0          ; 0    ; 0            ; 16 (0)       ; 0 (0)             ; 0 (0)            ; 16 (0)          ; 0 (0)      ; |transmult|MAC:inst5|lpm_add_sub0:inst6|lpm_add_sub:lpm_add_sub_component                                       ; work         ;
;             |addcore:adder|                  ; 16 (0)      ; 0            ; 0          ; 0    ; 0            ; 16 (0)       ; 0 (0)             ; 0 (0)            ; 16 (0)          ; 0 (0)      ; |transmult|MAC:inst5|lpm_add_sub0:inst6|lpm_add_sub:lpm_add_sub_component|addcore:adder                         ; work         ;
;                |a_csnbuffer:result_node|     ; 16 (16)     ; 0            ; 0          ; 0    ; 0            ; 16 (16)      ; 0 (0)             ; 0 (0)            ; 16 (16)         ; 0 (0)      ; |transmult|MAC:inst5|lpm_add_sub0:inst6|lpm_add_sub:lpm_add_sub_component|addcore:adder|a_csnbuffer:result_node ; work         ;
;       |lpm_mult0:inst|                       ; 95 (0)      ; 0            ; 0          ; 0    ; 0            ; 95 (0)       ; 0 (0)             ; 0 (0)            ; 46 (0)          ; 0 (0)      ; |transmult|MAC:inst5|lpm_mult0:inst                                                                             ; work         ;
;          |lpm_mult:lpm_mult_component|       ; 95 (0)      ; 0            ; 0          ; 0    ; 0            ; 95 (0)       ; 0 (0)             ; 0 (0)            ; 46 (0)          ; 0 (0)      ; |transmult|MAC:inst5|lpm_mult0:inst|lpm_mult:lpm_mult_component                                                 ; work         ;
;             |mult_0km:auto_generated|        ; 95 (95)     ; 0            ; 0          ; 0    ; 0            ; 95 (95)      ; 0 (0)             ; 0 (0)            ; 46 (46)         ; 0 (0)      ; |transmult|MAC:inst5|lpm_mult0:inst|lpm_mult:lpm_mult_component|mult_0km:auto_generated                         ; work         ;
;    |controller:inst2|                        ; 138 (138)   ; 31           ; 0          ; 0    ; 0            ; 107 (107)    ; 28 (28)           ; 3 (3)            ; 0 (0)           ; 0 (0)      ; |transmult|controller:inst2                                                                                     ; work         ;
;    |demux1to12:inst|                         ; 108 (108)   ; 96           ; 0          ; 0    ; 0            ; 12 (12)      ; 96 (96)           ; 0 (0)            ; 0 (0)           ; 0 (0)      ; |transmult|demux1to12:inst                                                                                      ; work         ;
;    |demux1to12_16bit:inst11|                 ; 170 (170)   ; 160          ; 0          ; 0    ; 0            ; 10 (10)      ; 160 (160)         ; 0 (0)            ; 0 (0)           ; 0 (0)      ; |transmult|demux1to12_16bit:inst11                                                                              ; work         ;
;    |lpm_mux0:inst7|                          ; 67 (0)      ; 0            ; 0          ; 0    ; 0            ; 67 (0)       ; 0 (0)             ; 0 (0)            ; 0 (0)           ; 0 (0)      ; |transmult|lpm_mux0:inst7                                                                                       ; work         ;
;       |lpm_mux:lpm_mux_component|            ; 67 (0)      ; 0            ; 0          ; 0    ; 0            ; 67 (0)       ; 0 (0)             ; 0 (0)            ; 0 (0)           ; 0 (0)      ; |transmult|lpm_mux0:inst7|lpm_mux:lpm_mux_component                                                             ; work         ;
;          |mux_9bc:auto_generated|            ; 67 (67)     ; 0            ; 0          ; 0    ; 0            ; 67 (67)      ; 0 (0)             ; 0 (0)            ; 0 (0)           ; 0 (0)      ; |transmult|lpm_mux0:inst7|lpm_mux:lpm_mux_component|mux_9bc:auto_generated                                      ; work         ;
;    |lpm_mux0:inst8|                          ; 64 (0)      ; 0            ; 0          ; 0    ; 0            ; 64 (0)       ; 0 (0)             ; 0 (0)            ; 0 (0)           ; 0 (0)      ; |transmult|lpm_mux0:inst8                                                                                       ; work         ;
;       |lpm_mux:lpm_mux_component|            ; 64 (0)      ; 0            ; 0          ; 0    ; 0            ; 64 (0)       ; 0 (0)             ; 0 (0)            ; 0 (0)           ; 0 (0)      ; |transmult|lpm_mux0:inst8|lpm_mux:lpm_mux_component                                                             ; work         ;
;          |mux_9bc:auto_generated|            ; 64 (64)     ; 0            ; 0          ; 0    ; 0            ; 64 (64)      ; 0 (0)             ; 0 (0)            ; 0 (0)           ; 0 (0)      ; |transmult|lpm_mux0:inst8|lpm_mux:lpm_mux_component|mux_9bc:auto_generated                                      ; work         ;
;    |lpm_mux0:inst9|                          ; 67 (0)      ; 0            ; 0          ; 0    ; 0            ; 67 (0)       ; 0 (0)             ; 0 (0)            ; 0 (0)           ; 0 (0)      ; |transmult|lpm_mux0:inst9                                                                                       ; work         ;
;       |lpm_mux:lpm_mux_component|            ; 67 (0)      ; 0            ; 0          ; 0    ; 0            ; 67 (0)       ; 0 (0)             ; 0 (0)            ; 0 (0)           ; 0 (0)      ; |transmult|lpm_mux0:inst9|lpm_mux:lpm_mux_component                                                             ; work         ;
;          |mux_9bc:auto_generated|            ; 67 (67)     ; 0            ; 0          ; 0    ; 0            ; 67 (67)      ; 0 (0)             ; 0 (0)            ; 0 (0)           ; 0 (0)      ; |transmult|lpm_mux0:inst9|lpm_mux:lpm_mux_component|mux_9bc:auto_generated                                      ; work         ;
;    |lpm_mux1:inst13|                         ; 130 (0)     ; 50           ; 0          ; 0    ; 0            ; 80 (0)       ; 2 (0)             ; 48 (0)           ; 0 (0)           ; 0 (0)      ; |transmult|lpm_mux1:inst13                                                                                      ; work         ;
;       |lpm_mux:lpm_mux_component|            ; 130 (0)     ; 50           ; 0          ; 0    ; 0            ; 80 (0)       ; 2 (0)             ; 48 (0)           ; 0 (0)           ; 0 (0)      ; |transmult|lpm_mux1:inst13|lpm_mux:lpm_mux_component                                                            ; work         ;
;          |mux_gae:auto_generated|            ; 130 (130)   ; 50           ; 0          ; 0    ; 0            ; 80 (80)      ; 2 (2)             ; 48 (48)          ; 0 (0)           ; 0 (0)      ; |transmult|lpm_mux1:inst13|lpm_mux:lpm_mux_component|mux_gae:auto_generated                                     ; work         ;
;    |pos_delay:inst10|                        ; 1 (1)       ; 1            ; 0          ; 0    ; 0            ; 0 (0)        ; 0 (0)             ; 1 (1)            ; 0 (0)           ; 0 (0)      ; |transmult|pos_delay:inst10                                                                                     ; work         ;
+----------------------------------------------+-------------+--------------+------------+------+--------------+--------------+-------------------+------------------+-----------------+------------+-----------------------------------------------------------------------------------------------------------------+--------------+
Note: For table entries with two numbers listed, the numbers in parentheses indicate the number of resources of the given type used by the specific entity alone. The numbers listed outside of parentheses indicate the total resources of the given type used by the specific entity and all of its sub-entities in the hierarchy.


Encoding Type:  One-Hot
+---------------------------------------------------------------------------------------------------------------------------------------------------------------------------------------------------------------------------------------------------------------------------------------------------------------------------------------------------------------------------------------------------------------------+
; State Machine - |transmult|controller:inst2|pstate                                                                                                                                                                                                                                                                                                                                                                  ;
+------------+------------+------------+------------+------------+------------+------------+------------+------------+------------+------------+------------+------------+------------+------------+------------+------------+------------+------------+------------+------------+------------+-----------+-----------+-----------+-----------+-----------+-----------+-----------+-----------+-----------+-----------+
; Name       ; pstate.S30 ; pstate.S29 ; pstate.S28 ; pstate.S27 ; pstate.S26 ; pstate.S25 ; pstate.S24 ; pstate.S23 ; pstate.S22 ; pstate.S21 ; pstate.S20 ; pstate.S19 ; pstate.S18 ; pstate.S17 ; pstate.S16 ; pstate.S15 ; pstate.S14 ; pstate.S13 ; pstate.S12 ; pstate.S11 ; pstate.S10 ; pstate.S9 ; pstate.S8 ; pstate.S7 ; pstate.S6 ; pstate.S5 ; pstate.S4 ; pstate.S3 ; pstate.S2 ; pstate.S1 ; pstate.S0 ;
+------------+------------+------------+------------+------------+------------+------------+------------+------------+------------+------------+------------+------------+------------+------------+------------+------------+------------+------------+------------+------------+------------+-----------+-----------+-----------+-----------+-----------+-----------+-----------+-----------+-----------+-----------+
; pstate.S0  ; 0          ; 0          ; 0          ; 0          ; 0          ; 0          ; 0          ; 0          ; 0          ; 0          ; 0          ; 0          ; 0          ; 0          ; 0          ; 0          ; 0          ; 0          ; 0          ; 0          ; 0          ; 0         ; 0         ; 0         ; 0         ; 0         ; 0         ; 0         ; 0         ; 0         ; 0         ;
; pstate.S1  ; 0          ; 0          ; 0          ; 0          ; 0          ; 0          ; 0          ; 0          ; 0          ; 0          ; 0          ; 0          ; 0          ; 0          ; 0          ; 0          ; 0          ; 0          ; 0          ; 0          ; 0          ; 0         ; 0         ; 0         ; 0         ; 0         ; 0         ; 0         ; 0         ; 1         ; 1         ;
; pstate.S2  ; 0          ; 0          ; 0          ; 0          ; 0          ; 0          ; 0          ; 0          ; 0          ; 0          ; 0          ; 0          ; 0          ; 0          ; 0          ; 0          ; 0          ; 0          ; 0          ; 0          ; 0          ; 0         ; 0         ; 0         ; 0         ; 0         ; 0         ; 0         ; 1         ; 0         ; 1         ;
; pstate.S3  ; 0          ; 0          ; 0          ; 0          ; 0          ; 0          ; 0          ; 0          ; 0          ; 0          ; 0          ; 0          ; 0          ; 0          ; 0          ; 0          ; 0          ; 0          ; 0          ; 0          ; 0          ; 0         ; 0         ; 0         ; 0         ; 0         ; 0         ; 1         ; 0         ; 0         ; 1         ;
; pstate.S4  ; 0          ; 0          ; 0          ; 0          ; 0          ; 0          ; 0          ; 0          ; 0          ; 0          ; 0          ; 0          ; 0          ; 0          ; 0          ; 0          ; 0          ; 0          ; 0          ; 0          ; 0          ; 0         ; 0         ; 0         ; 0         ; 0         ; 1         ; 0         ; 0         ; 0         ; 1         ;
; pstate.S5  ; 0          ; 0          ; 0          ; 0          ; 0          ; 0          ; 0          ; 0          ; 0          ; 0          ; 0          ; 0          ; 0          ; 0          ; 0          ; 0          ; 0          ; 0          ; 0          ; 0          ; 0          ; 0         ; 0         ; 0         ; 0         ; 1         ; 0         ; 0         ; 0         ; 0         ; 1         ;
; pstate.S6  ; 0          ; 0          ; 0          ; 0          ; 0          ; 0          ; 0          ; 0          ; 0          ; 0          ; 0          ; 0          ; 0          ; 0          ; 0          ; 0          ; 0          ; 0          ; 0          ; 0          ; 0          ; 0         ; 0         ; 0         ; 1         ; 0         ; 0         ; 0         ; 0         ; 0         ; 1         ;
; pstate.S7  ; 0          ; 0          ; 0          ; 0          ; 0          ; 0          ; 0          ; 0          ; 0          ; 0          ; 0          ; 0          ; 0          ; 0          ; 0          ; 0          ; 0          ; 0          ; 0          ; 0          ; 0          ; 0         ; 0         ; 1         ; 0         ; 0         ; 0         ; 0         ; 0         ; 0         ; 1         ;
; pstate.S8  ; 0          ; 0          ; 0          ; 0          ; 0          ; 0          ; 0          ; 0          ; 0          ; 0          ; 0          ; 0          ; 0          ; 0          ; 0          ; 0          ; 0          ; 0          ; 0          ; 0          ; 0          ; 0         ; 1         ; 0         ; 0         ; 0         ; 0         ; 0         ; 0         ; 0         ; 1         ;
; pstate.S9  ; 0          ; 0          ; 0          ; 0          ; 0          ; 0          ; 0          ; 0          ; 0          ; 0          ; 0          ; 0          ; 0          ; 0          ; 0          ; 0          ; 0          ; 0          ; 0          ; 0          ; 0          ; 1         ; 0         ; 0         ; 0         ; 0         ; 0         ; 0         ; 0         ; 0         ; 1         ;
; pstate.S10 ; 0          ; 0          ; 0          ; 0          ; 0          ; 0          ; 0          ; 0          ; 0          ; 0          ; 0          ; 0          ; 0          ; 0          ; 0          ; 0          ; 0          ; 0          ; 0          ; 0          ; 1          ; 0         ; 0         ; 0         ; 0         ; 0         ; 0         ; 0         ; 0         ; 0         ; 1         ;
; pstate.S11 ; 0          ; 0          ; 0          ; 0          ; 0          ; 0          ; 0          ; 0          ; 0          ; 0          ; 0          ; 0          ; 0          ; 0          ; 0          ; 0          ; 0          ; 0          ; 0          ; 1          ; 0          ; 0         ; 0         ; 0         ; 0         ; 0         ; 0         ; 0         ; 0         ; 0         ; 1         ;
; pstate.S12 ; 0          ; 0          ; 0          ; 0          ; 0          ; 0          ; 0          ; 0          ; 0          ; 0          ; 0          ; 0          ; 0          ; 0          ; 0          ; 0          ; 0          ; 0          ; 1          ; 0          ; 0          ; 0         ; 0         ; 0         ; 0         ; 0         ; 0         ; 0         ; 0         ; 0         ; 1         ;
; pstate.S13 ; 0          ; 0          ; 0          ; 0          ; 0          ; 0          ; 0          ; 0          ; 0          ; 0          ; 0          ; 0          ; 0          ; 0          ; 0          ; 0          ; 0          ; 1          ; 0          ; 0          ; 0          ; 0         ; 0         ; 0         ; 0         ; 0         ; 0         ; 0         ; 0         ; 0         ; 1         ;
; pstate.S14 ; 0          ; 0          ; 0          ; 0          ; 0          ; 0          ; 0          ; 0          ; 0          ; 0          ; 0          ; 0          ; 0          ; 0          ; 0          ; 0          ; 1          ; 0          ; 0          ; 0          ; 0          ; 0         ; 0         ; 0         ; 0         ; 0         ; 0         ; 0         ; 0         ; 0         ; 1         ;
; pstate.S15 ; 0          ; 0          ; 0          ; 0          ; 0          ; 0          ; 0          ; 0          ; 0          ; 0          ; 0          ; 0          ; 0          ; 0          ; 0          ; 1          ; 0          ; 0          ; 0          ; 0          ; 0          ; 0         ; 0         ; 0         ; 0         ; 0         ; 0         ; 0         ; 0         ; 0         ; 1         ;
; pstate.S16 ; 0          ; 0          ; 0          ; 0          ; 0          ; 0          ; 0          ; 0          ; 0          ; 0          ; 0          ; 0          ; 0          ; 0          ; 1          ; 0          ; 0          ; 0          ; 0          ; 0          ; 0          ; 0         ; 0         ; 0         ; 0         ; 0         ; 0         ; 0         ; 0         ; 0         ; 1         ;
; pstate.S17 ; 0          ; 0          ; 0          ; 0          ; 0          ; 0          ; 0          ; 0          ; 0          ; 0          ; 0          ; 0          ; 0          ; 1          ; 0          ; 0          ; 0          ; 0          ; 0          ; 0          ; 0          ; 0         ; 0         ; 0         ; 0         ; 0         ; 0         ; 0         ; 0         ; 0         ; 1         ;
; pstate.S18 ; 0          ; 0          ; 0          ; 0          ; 0          ; 0          ; 0          ; 0          ; 0          ; 0          ; 0          ; 0          ; 1          ; 0          ; 0          ; 0          ; 0          ; 0          ; 0          ; 0          ; 0          ; 0         ; 0         ; 0         ; 0         ; 0         ; 0         ; 0         ; 0         ; 0         ; 1         ;
; pstate.S19 ; 0          ; 0          ; 0          ; 0          ; 0          ; 0          ; 0          ; 0          ; 0          ; 0          ; 0          ; 1          ; 0          ; 0          ; 0          ; 0          ; 0          ; 0          ; 0          ; 0          ; 0          ; 0         ; 0         ; 0         ; 0         ; 0         ; 0         ; 0         ; 0         ; 0         ; 1         ;
; pstate.S20 ; 0          ; 0          ; 0          ; 0          ; 0          ; 0          ; 0          ; 0          ; 0          ; 0          ; 1          ; 0          ; 0          ; 0          ; 0          ; 0          ; 0          ; 0          ; 0          ; 0          ; 0          ; 0         ; 0         ; 0         ; 0         ; 0         ; 0         ; 0         ; 0         ; 0         ; 1         ;
; pstate.S21 ; 0          ; 0          ; 0          ; 0          ; 0          ; 0          ; 0          ; 0          ; 0          ; 1          ; 0          ; 0          ; 0          ; 0          ; 0          ; 0          ; 0          ; 0          ; 0          ; 0          ; 0          ; 0         ; 0         ; 0         ; 0         ; 0         ; 0         ; 0         ; 0         ; 0         ; 1         ;
; pstate.S22 ; 0          ; 0          ; 0          ; 0          ; 0          ; 0          ; 0          ; 0          ; 1          ; 0          ; 0          ; 0          ; 0          ; 0          ; 0          ; 0          ; 0          ; 0          ; 0          ; 0          ; 0          ; 0         ; 0         ; 0         ; 0         ; 0         ; 0         ; 0         ; 0         ; 0         ; 1         ;
; pstate.S23 ; 0          ; 0          ; 0          ; 0          ; 0          ; 0          ; 0          ; 1          ; 0          ; 0          ; 0          ; 0          ; 0          ; 0          ; 0          ; 0          ; 0          ; 0          ; 0          ; 0          ; 0          ; 0         ; 0         ; 0         ; 0         ; 0         ; 0         ; 0         ; 0         ; 0         ; 1         ;
; pstate.S24 ; 0          ; 0          ; 0          ; 0          ; 0          ; 0          ; 1          ; 0          ; 0          ; 0          ; 0          ; 0          ; 0          ; 0          ; 0          ; 0          ; 0          ; 0          ; 0          ; 0          ; 0          ; 0         ; 0         ; 0         ; 0         ; 0         ; 0         ; 0         ; 0         ; 0         ; 1         ;
; pstate.S25 ; 0          ; 0          ; 0          ; 0          ; 0          ; 1          ; 0          ; 0          ; 0          ; 0          ; 0          ; 0          ; 0          ; 0          ; 0          ; 0          ; 0          ; 0          ; 0          ; 0          ; 0          ; 0         ; 0         ; 0         ; 0         ; 0         ; 0         ; 0         ; 0         ; 0         ; 1         ;
; pstate.S26 ; 0          ; 0          ; 0          ; 0          ; 1          ; 0          ; 0          ; 0          ; 0          ; 0          ; 0          ; 0          ; 0          ; 0          ; 0          ; 0          ; 0          ; 0          ; 0          ; 0          ; 0          ; 0         ; 0         ; 0         ; 0         ; 0         ; 0         ; 0         ; 0         ; 0         ; 1         ;
; pstate.S27 ; 0          ; 0          ; 0          ; 1          ; 0          ; 0          ; 0          ; 0          ; 0          ; 0          ; 0          ; 0          ; 0          ; 0          ; 0          ; 0          ; 0          ; 0          ; 0          ; 0          ; 0          ; 0         ; 0         ; 0         ; 0         ; 0         ; 0         ; 0         ; 0         ; 0         ; 1         ;
; pstate.S28 ; 0          ; 0          ; 1          ; 0          ; 0          ; 0          ; 0          ; 0          ; 0          ; 0          ; 0          ; 0          ; 0          ; 0          ; 0          ; 0          ; 0          ; 0          ; 0          ; 0          ; 0          ; 0         ; 0         ; 0         ; 0         ; 0         ; 0         ; 0         ; 0         ; 0         ; 1         ;
; pstate.S29 ; 0          ; 1          ; 0          ; 0          ; 0          ; 0          ; 0          ; 0          ; 0          ; 0          ; 0          ; 0          ; 0          ; 0          ; 0          ; 0          ; 0          ; 0          ; 0          ; 0          ; 0          ; 0         ; 0         ; 0         ; 0         ; 0         ; 0         ; 0         ; 0         ; 0         ; 1         ;
; pstate.S30 ; 1          ; 0          ; 0          ; 0          ; 0          ; 0          ; 0          ; 0          ; 0          ; 0          ; 0          ; 0          ; 0          ; 0          ; 0          ; 0          ; 0          ; 0          ; 0          ; 0          ; 0          ; 0         ; 0         ; 0         ; 0         ; 0         ; 0         ; 0         ; 0         ; 0         ; 1         ;
+------------+------------+------------+------------+------------+------------+------------+------------+------------+------------+------------+------------+------------+------------+------------+------------+------------+------------+------------+------------+------------+------------+-----------+-----------+-----------+-----------+-----------+-----------+-----------+-----------+-----------+-----------+


+-----------------------------------------------------------------------------------------------------------+
; User-Specified and Inferred Latches                                                                       ;
+-----------------------------------------------------+----------------------------+------------------------+
; Latch Name                                          ; Latch Enable Signal        ; Free of Timing Hazards ;
+-----------------------------------------------------+----------------------------+------------------------+
; controller:inst2|demuxto12_sel[3]                   ; controller:inst2|WideOr9   ; yes                    ;
; controller:inst2|demuxto12_sel[2]                   ; controller:inst2|WideOr9   ; yes                    ;
; controller:inst2|demuxto12_sel[1]                   ; controller:inst2|WideOr9   ; yes                    ;
; controller:inst2|demuxto12_sel[0]                   ; controller:inst2|WideOr9   ; yes                    ;
; controller:inst2|mux_select2[3]                     ; controller:inst2|WideOr25  ; yes                    ;
; controller:inst2|mux_select2[0]                     ; controller:inst2|WideOr25  ; yes                    ;
; controller:inst2|mux_select2[1]                     ; controller:inst2|WideOr25  ; yes                    ;
; controller:inst2|mux_select2[2]                     ; controller:inst2|WideOr25  ; yes                    ;
; controller:inst2|mux_select3[3]                     ; controller:inst2|WideOr34  ; yes                    ;
; controller:inst2|mux_select3[0]                     ; controller:inst2|WideOr34  ; yes                    ;
; controller:inst2|mux_select3[1]                     ; controller:inst2|WideOr34  ; yes                    ;
; controller:inst2|mux_select3[2]                     ; controller:inst2|WideOr34  ; yes                    ;
; controller:inst2|final_mux_sel[2]                   ; controller:inst2|WideOr57  ; yes                    ;
; controller:inst2|final_mux_sel[3]                   ; controller:inst2|WideOr57  ; yes                    ;
; controller:inst2|final_mux_sel[0]                   ; controller:inst2|WideOr57  ; yes                    ;
; controller:inst2|final_mux_sel[1]                   ; controller:inst2|WideOr57  ; yes                    ;
; controller:inst2|MAC_Reset2                         ; controller:inst2|WideOr4   ; yes                    ;
; controller:inst2|MAC_Reset1                         ; controller:inst2|WideOr1   ; yes                    ;
; controller:inst2|demux16bit_sel1[0]                 ; controller:inst2|WideOr43  ; yes                    ;
; controller:inst2|demux16bit_sel1[1]                 ; controller:inst2|WideOr43  ; yes                    ;
; controller:inst2|demux16bit_sel1[2]                 ; controller:inst2|WideOr43  ; yes                    ;
; controller:inst2|demux16bit_sel2[0]                 ; controller:inst2|WideOr50  ; yes                    ;
; controller:inst2|demux16bit_sel2[2]                 ; controller:inst2|WideOr50  ; yes                    ;
; controller:inst2|demux16bit_sel2[1]                 ; controller:inst2|WideOr50  ; yes                    ;
; controller:inst2|mux_select1[3]                     ; controller:inst2|pstate.S1 ; yes                    ;
; controller:inst2|mux_select1[0]                     ; controller:inst2|pstate.S1 ; yes                    ;
; controller:inst2|mux_select1[1]                     ; controller:inst2|pstate.S1 ; yes                    ;
; controller:inst2|mux_select1[2]                     ; controller:inst2|pstate.S1 ; yes                    ;
; Number of user-specified and inferred latches = 28  ;                            ;                        ;
+-----------------------------------------------------+----------------------------+------------------------+
Note: All latches listed above may not be present at the end of synthesis due to various synthesis optimizations.


+------------------------------------------------------------------------------------+
; Registers Removed During Synthesis                                                 ;
+-------------------------------------------+----------------------------------------+
; Register name                             ; Reason for Removal                     ;
+-------------------------------------------+----------------------------------------+
; demux1to12_16bit:inst11|Data_out12[0..15] ; Stuck at GND due to stuck port data_in ;
; controller:inst2|pstate~10                ; Lost fanout                            ;
; controller:inst2|pstate~11                ; Lost fanout                            ;
; controller:inst2|pstate~12                ; Lost fanout                            ;
; controller:inst2|pstate~13                ; Lost fanout                            ;
; controller:inst2|pstate~14                ; Lost fanout                            ;
; Total Number of Removed Registers = 21    ;                                        ;
+-------------------------------------------+----------------------------------------+


+------------------------------------------------------+
; General Register Statistics                          ;
+----------------------------------------------+-------+
; Statistic                                    ; Value ;
+----------------------------------------------+-------+
; Total registers                              ; 402   ;
; Number of registers using Synchronous Clear  ; 0     ;
; Number of registers using Synchronous Load   ; 0     ;
; Number of registers using Asynchronous Clear ; 31    ;
; Number of registers using Asynchronous Load  ; 0     ;
; Number of registers using Clock Enable       ; 288   ;
; Number of registers using Preset             ; 0     ;
+----------------------------------------------+-------+


+-----------------------------------------------------------------------------------------------------+
; Source assignments for MAC:inst4|lpm_add_sub0:inst6|lpm_add_sub:lpm_add_sub_component|addcore:adder ;
+---------------------------+-------+------+----------------------------------------------------------+
; Assignment                ; Value ; From ; To                                                       ;
+---------------------------+-------+------+----------------------------------------------------------+
; SUPPRESS_DA_RULE_INTERNAL ; A103  ; -    ; -                                                        ;
+---------------------------+-------+------+----------------------------------------------------------+


+-----------------------------------------------------------------------------------------------------+
; Source assignments for MAC:inst5|lpm_add_sub0:inst6|lpm_add_sub:lpm_add_sub_component|addcore:adder ;
+---------------------------+-------+------+----------------------------------------------------------+
; Assignment                ; Value ; From ; To                                                       ;
+---------------------------+-------+------+----------------------------------------------------------+
; SUPPRESS_DA_RULE_INTERNAL ; A103  ; -    ; -                                                        ;
+---------------------------+-------+------+----------------------------------------------------------+


+---------------------------------------------------------------+
; Parameter Settings for User Entity Instance: controller:inst2 ;
+----------------+-------+--------------------------------------+
; Parameter Name ; Value ; Type                                 ;
+----------------+-------+--------------------------------------+
; S0             ; 0000  ; Unsigned Binary                      ;
; S1             ; 0001  ; Unsigned Binary                      ;
; S2             ; 0010  ; Unsigned Binary                      ;
; S3             ; 0011  ; Unsigned Binary                      ;
; S4             ; 0100  ; Unsigned Binary                      ;
; S5             ; 0101  ; Unsigned Binary                      ;
; S6             ; 0110  ; Unsigned Binary                      ;
; S7             ; 0111  ; Unsigned Binary                      ;
; S8             ; 1000  ; Unsigned Binary                      ;
; S9             ; 1001  ; Unsigned Binary                      ;
; S10            ; 1010  ; Unsigned Binary                      ;
; S11            ; 1011  ; Unsigned Binary                      ;
; S12            ; 1100  ; Unsigned Binary                      ;
; S13            ; 01101 ; Unsigned Binary                      ;
; S14            ; 01110 ; Unsigned Binary                      ;
; S15            ; 01111 ; Unsigned Binary                      ;
; S16            ; 10000 ; Unsigned Binary                      ;
; S17            ; 10001 ; Unsigned Binary                      ;
; S18            ; 10010 ; Unsigned Binary                      ;
; S19            ; 10011 ; Unsigned Binary                      ;
; S20            ; 10100 ; Unsigned Binary                      ;
; S21            ; 10101 ; Unsigned Binary                      ;
; S22            ; 10110 ; Unsigned Binary                      ;
; S23            ; 10111 ; Unsigned Binary                      ;
; S24            ; 11000 ; Unsigned Binary                      ;
; S25            ; 11001 ; Unsigned Binary                      ;
; S26            ; 11010 ; Unsigned Binary                      ;
; S27            ; 11011 ; Unsigned Binary                      ;
; S28            ; 11100 ; Unsigned Binary                      ;
; S29            ; 11101 ; Unsigned Binary                      ;
; S30            ; 11110 ; Unsigned Binary                      ;
; S31            ; 11111 ; Unsigned Binary                      ;
+----------------+-------+--------------------------------------+
Note: In order to hide this table in the UI and the text report file, please set the "Show Parameter Settings Tables in Synthesis Report" option in "Analysis and Synthesis Settings -> More Settings" to "Off".


+----------------------------------------------------------------------------------------+
; Parameter Settings for User Entity Instance: lpm_mux1:inst13|lpm_mux:lpm_mux_component ;
+------------------------+---------+-----------------------------------------------------+
; Parameter Name         ; Value   ; Type                                                ;
+------------------------+---------+-----------------------------------------------------+
; AUTO_CARRY_CHAINS      ; ON      ; AUTO_CARRY                                          ;
; IGNORE_CARRY_BUFFERS   ; OFF     ; IGNORE_CARRY                                        ;
; AUTO_CASCADE_CHAINS    ; ON      ; AUTO_CASCADE                                        ;
; IGNORE_CASCADE_BUFFERS ; OFF     ; IGNORE_CASCADE                                      ;
; LPM_WIDTH              ; 16      ; Untyped                                             ;
; LPM_SIZE               ; 12      ; Untyped                                             ;
; LPM_WIDTHS             ; 4       ; Untyped                                             ;
; LPM_PIPELINE           ; 1       ; Untyped                                             ;
; CBXI_PARAMETER         ; mux_gae ; Untyped                                             ;
; DEVICE_FAMILY          ; MAX II  ; Untyped                                             ;
+------------------------+---------+-----------------------------------------------------+
Note: In order to hide this table in the UI and the text report file, please set the "Show Parameter Settings Tables in Synthesis Report" option in "Analysis and Synthesis Settings -> More Settings" to "Off".


+-------------------------------------------------------------------------------------------------------------+
; Parameter Settings for User Entity Instance: MAC:inst4|lpm_add_sub0:inst6|lpm_add_sub:lpm_add_sub_component ;
+------------------------+-------------+----------------------------------------------------------------------+
; Parameter Name         ; Value       ; Type                                                                 ;
+------------------------+-------------+----------------------------------------------------------------------+
; LPM_WIDTH              ; 16          ; Untyped                                                              ;
; LPM_REPRESENTATION     ; SIGNED      ; Untyped                                                              ;
; LPM_DIRECTION          ; ADD         ; Untyped                                                              ;
; ONE_INPUT_IS_CONSTANT  ; NO          ; Untyped                                                              ;
; LPM_PIPELINE           ; 0           ; Untyped                                                              ;
; MAXIMIZE_SPEED         ; 5           ; Untyped                                                              ;
; REGISTERED_AT_END      ; 0           ; Untyped                                                              ;
; OPTIMIZE_FOR_SPEED     ; 5           ; Untyped                                                              ;
; USE_CS_BUFFERS         ; 1           ; Untyped                                                              ;
; CARRY_CHAIN            ; MANUAL      ; Untyped                                                              ;
; CARRY_CHAIN_LENGTH     ; 48          ; CARRY_CHAIN_LENGTH                                                   ;
; DEVICE_FAMILY          ; MAX II      ; Untyped                                                              ;
; USE_WYS                ; OFF         ; Untyped                                                              ;
; STYLE                  ; FAST        ; Untyped                                                              ;
; CBXI_PARAMETER         ; add_sub_h1h ; Untyped                                                              ;
; AUTO_CARRY_CHAINS      ; ON          ; AUTO_CARRY                                                           ;
; IGNORE_CARRY_BUFFERS   ; OFF         ; IGNORE_CARRY                                                         ;
; AUTO_CASCADE_CHAINS    ; ON          ; AUTO_CASCADE                                                         ;
; IGNORE_CASCADE_BUFFERS ; OFF         ; IGNORE_CASCADE                                                       ;
+------------------------+-------------+----------------------------------------------------------------------+
Note: In order to hide this table in the UI and the text report file, please set the "Show Parameter Settings Tables in Synthesis Report" option in "Analysis and Synthesis Settings -> More Settings" to "Off".


+-----------------------------------------------------------------------+
; Parameter Settings for User Entity Instance: MAC:inst4|lpm_mult0:inst ;
+----------------+-------+----------------------------------------------+
; Parameter Name ; Value ; Type                                         ;
+----------------+-------+----------------------------------------------+
; LPM_WIDTHS     ; 1     ; Untyped                                      ;
+----------------+-------+----------------------------------------------+
Note: In order to hide this table in the UI and the text report file, please set the "Show Parameter Settings Tables in Synthesis Report" option in "Analysis and Synthesis Settings -> More Settings" to "Off".


+---------------------------------------------------------------------------------------------------+
; Parameter Settings for User Entity Instance: MAC:inst4|lpm_mult0:inst|lpm_mult:lpm_mult_component ;
+------------------------------------------------+----------+---------------------------------------+
; Parameter Name                                 ; Value    ; Type                                  ;
+------------------------------------------------+----------+---------------------------------------+
; AUTO_CARRY_CHAINS                              ; ON       ; AUTO_CARRY                            ;
; IGNORE_CARRY_BUFFERS                           ; OFF      ; IGNORE_CARRY                          ;
; AUTO_CASCADE_CHAINS                            ; ON       ; AUTO_CASCADE                          ;
; IGNORE_CASCADE_BUFFERS                         ; OFF      ; IGNORE_CASCADE                        ;
; LPM_WIDTHA                                     ; 8        ; Untyped                               ;
; LPM_WIDTHB                                     ; 8        ; Untyped                               ;
; LPM_WIDTHP                                     ; 16       ; Untyped                               ;
; LPM_WIDTHR                                     ; 0        ; Untyped                               ;
; LPM_WIDTHS                                     ; 1        ; Untyped                               ;
; LPM_REPRESENTATION                             ; SIGNED   ; Untyped                               ;
; LPM_PIPELINE                                   ; 0        ; Untyped                               ;
; LATENCY                                        ; 0        ; Untyped                               ;
; INPUT_A_IS_CONSTANT                            ; NO       ; Untyped                               ;
; INPUT_B_IS_CONSTANT                            ; NO       ; Untyped                               ;
; USE_EAB                                        ; OFF      ; Untyped                               ;
; MAXIMIZE_SPEED                                 ; 5        ; Untyped                               ;
; DEVICE_FAMILY                                  ; MAX II   ; Untyped                               ;
; CARRY_CHAIN                                    ; MANUAL   ; Untyped                               ;
; APEX20K_TECHNOLOGY_MAPPER                      ; LUT      ; TECH_MAPPER_APEX20K                   ;
; DEDICATED_MULTIPLIER_CIRCUITRY                 ; AUTO     ; Untyped                               ;
; DEDICATED_MULTIPLIER_MIN_INPUT_WIDTH_FOR_AUTO  ; 0        ; Untyped                               ;
; DEDICATED_MULTIPLIER_MIN_OUTPUT_WIDTH_FOR_AUTO ; 0        ; Untyped                               ;
; CBXI_PARAMETER                                 ; mult_0km ; Untyped                               ;
; INPUT_A_FIXED_VALUE                            ; Bx       ; Untyped                               ;
; INPUT_B_FIXED_VALUE                            ; Bx       ; Untyped                               ;
; USE_AHDL_IMPLEMENTATION                        ; OFF      ; Untyped                               ;
+------------------------------------------------+----------+---------------------------------------+
Note: In order to hide this table in the UI and the text report file, please set the "Show Parameter Settings Tables in Synthesis Report" option in "Analysis and Synthesis Settings -> More Settings" to "Off".


+---------------------------------------------------------------------------------------+
; Parameter Settings for User Entity Instance: lpm_mux0:inst7|lpm_mux:lpm_mux_component ;
+------------------------+---------+----------------------------------------------------+
; Parameter Name         ; Value   ; Type                                               ;
+------------------------+---------+----------------------------------------------------+
; AUTO_CARRY_CHAINS      ; ON      ; AUTO_CARRY                                         ;
; IGNORE_CARRY_BUFFERS   ; OFF     ; IGNORE_CARRY                                       ;
; AUTO_CASCADE_CHAINS    ; ON      ; AUTO_CASCADE                                       ;
; IGNORE_CASCADE_BUFFERS ; OFF     ; IGNORE_CASCADE                                     ;
; LPM_WIDTH              ; 8       ; Untyped                                            ;
; LPM_SIZE               ; 12      ; Untyped                                            ;
; LPM_WIDTHS             ; 4       ; Untyped                                            ;
; LPM_PIPELINE           ; 0       ; Untyped                                            ;
; CBXI_PARAMETER         ; mux_9bc ; Untyped                                            ;
; DEVICE_FAMILY          ; MAX II  ; Untyped                                            ;
+------------------------+---------+----------------------------------------------------+
Note: In order to hide this table in the UI and the text report file, please set the "Show Parameter Settings Tables in Synthesis Report" option in "Analysis and Synthesis Settings -> More Settings" to "Off".


+-------------------------------------------------------------------------------------------------------------+
; Parameter Settings for User Entity Instance: MAC:inst5|lpm_add_sub0:inst6|lpm_add_sub:lpm_add_sub_component ;
+------------------------+-------------+----------------------------------------------------------------------+
; Parameter Name         ; Value       ; Type                                                                 ;
+------------------------+-------------+----------------------------------------------------------------------+
; LPM_WIDTH              ; 16          ; Untyped                                                              ;
; LPM_REPRESENTATION     ; SIGNED      ; Untyped                                                              ;
; LPM_DIRECTION          ; ADD         ; Untyped                                                              ;
; ONE_INPUT_IS_CONSTANT  ; NO          ; Untyped                                                              ;
; LPM_PIPELINE           ; 0           ; Untyped                                                              ;
; MAXIMIZE_SPEED         ; 5           ; Untyped                                                              ;
; REGISTERED_AT_END      ; 0           ; Untyped                                                              ;
; OPTIMIZE_FOR_SPEED     ; 5           ; Untyped                                                              ;
; USE_CS_BUFFERS         ; 1           ; Untyped                                                              ;
; CARRY_CHAIN            ; MANUAL      ; Untyped                                                              ;
; CARRY_CHAIN_LENGTH     ; 48          ; CARRY_CHAIN_LENGTH                                                   ;
; DEVICE_FAMILY          ; MAX II      ; Untyped                                                              ;
; USE_WYS                ; OFF         ; Untyped                                                              ;
; STYLE                  ; FAST        ; Untyped                                                              ;
; CBXI_PARAMETER         ; add_sub_h1h ; Untyped                                                              ;
; AUTO_CARRY_CHAINS      ; ON          ; AUTO_CARRY                                                           ;
; IGNORE_CARRY_BUFFERS   ; OFF         ; IGNORE_CARRY                                                         ;
; AUTO_CASCADE_CHAINS    ; ON          ; AUTO_CASCADE                                                         ;
; IGNORE_CASCADE_BUFFERS ; OFF         ; IGNORE_CASCADE                                                       ;
+------------------------+-------------+----------------------------------------------------------------------+
Note: In order to hide this table in the UI and the text report file, please set the "Show Parameter Settings Tables in Synthesis Report" option in "Analysis and Synthesis Settings -> More Settings" to "Off".


+-----------------------------------------------------------------------+
; Parameter Settings for User Entity Instance: MAC:inst5|lpm_mult0:inst ;
+----------------+-------+----------------------------------------------+
; Parameter Name ; Value ; Type                                         ;
+----------------+-------+----------------------------------------------+
; LPM_WIDTHS     ; 1     ; Untyped                                      ;
+----------------+-------+----------------------------------------------+
Note: In order to hide this table in the UI and the text report file, please set the "Show Parameter Settings Tables in Synthesis Report" option in "Analysis and Synthesis Settings -> More Settings" to "Off".


+---------------------------------------------------------------------------------------------------+
; Parameter Settings for User Entity Instance: MAC:inst5|lpm_mult0:inst|lpm_mult:lpm_mult_component ;
+------------------------------------------------+----------+---------------------------------------+
; Parameter Name                                 ; Value    ; Type                                  ;
+------------------------------------------------+----------+---------------------------------------+
; AUTO_CARRY_CHAINS                              ; ON       ; AUTO_CARRY                            ;
; IGNORE_CARRY_BUFFERS                           ; OFF      ; IGNORE_CARRY                          ;
; AUTO_CASCADE_CHAINS                            ; ON       ; AUTO_CASCADE                          ;
; IGNORE_CASCADE_BUFFERS                         ; OFF      ; IGNORE_CASCADE                        ;
; LPM_WIDTHA                                     ; 8        ; Untyped                               ;
; LPM_WIDTHB                                     ; 8        ; Untyped                               ;
; LPM_WIDTHP                                     ; 16       ; Untyped                               ;
; LPM_WIDTHR                                     ; 0        ; Untyped                               ;
; LPM_WIDTHS                                     ; 1        ; Untyped                               ;
; LPM_REPRESENTATION                             ; SIGNED   ; Untyped                               ;
; LPM_PIPELINE                                   ; 0        ; Untyped                               ;
; LATENCY                                        ; 0        ; Untyped                               ;
; INPUT_A_IS_CONSTANT                            ; NO       ; Untyped                               ;
; INPUT_B_IS_CONSTANT                            ; NO       ; Untyped                               ;
; USE_EAB                                        ; OFF      ; Untyped                               ;
; MAXIMIZE_SPEED                                 ; 5        ; Untyped                               ;
; DEVICE_FAMILY                                  ; MAX II   ; Untyped                               ;
; CARRY_CHAIN                                    ; MANUAL   ; Untyped                               ;
; APEX20K_TECHNOLOGY_MAPPER                      ; LUT      ; TECH_MAPPER_APEX20K                   ;
; DEDICATED_MULTIPLIER_CIRCUITRY                 ; AUTO     ; Untyped                               ;
; DEDICATED_MULTIPLIER_MIN_INPUT_WIDTH_FOR_AUTO  ; 0        ; Untyped                               ;
; DEDICATED_MULTIPLIER_MIN_OUTPUT_WIDTH_FOR_AUTO ; 0        ; Untyped                               ;
; CBXI_PARAMETER                                 ; mult_0km ; Untyped                               ;
; INPUT_A_FIXED_VALUE                            ; Bx       ; Untyped                               ;
; INPUT_B_FIXED_VALUE                            ; Bx       ; Untyped                               ;
; USE_AHDL_IMPLEMENTATION                        ; OFF      ; Untyped                               ;
+------------------------------------------------+----------+---------------------------------------+
Note: In order to hide this table in the UI and the text report file, please set the "Show Parameter Settings Tables in Synthesis Report" option in "Analysis and Synthesis Settings -> More Settings" to "Off".


+---------------------------------------------------------------------------------------+
; Parameter Settings for User Entity Instance: lpm_mux0:inst9|lpm_mux:lpm_mux_component ;
+------------------------+---------+----------------------------------------------------+
; Parameter Name         ; Value   ; Type                                               ;
+------------------------+---------+----------------------------------------------------+
; AUTO_CARRY_CHAINS      ; ON      ; AUTO_CARRY                                         ;
; IGNORE_CARRY_BUFFERS   ; OFF     ; IGNORE_CARRY                                       ;
; AUTO_CASCADE_CHAINS    ; ON      ; AUTO_CASCADE                                       ;
; IGNORE_CASCADE_BUFFERS ; OFF     ; IGNORE_CASCADE                                     ;
; LPM_WIDTH              ; 8       ; Untyped                                            ;
; LPM_SIZE               ; 12      ; Untyped                                            ;
; LPM_WIDTHS             ; 4       ; Untyped                                            ;
; LPM_PIPELINE           ; 0       ; Untyped                                            ;
; CBXI_PARAMETER         ; mux_9bc ; Untyped                                            ;
; DEVICE_FAMILY          ; MAX II  ; Untyped                                            ;
+------------------------+---------+----------------------------------------------------+
Note: In order to hide this table in the UI and the text report file, please set the "Show Parameter Settings Tables in Synthesis Report" option in "Analysis and Synthesis Settings -> More Settings" to "Off".


+---------------------------------------------------------------------------------------+
; Parameter Settings for User Entity Instance: lpm_mux0:inst8|lpm_mux:lpm_mux_component ;
+------------------------+---------+----------------------------------------------------+
; Parameter Name         ; Value   ; Type                                               ;
+------------------------+---------+----------------------------------------------------+
; AUTO_CARRY_CHAINS      ; ON      ; AUTO_CARRY                                         ;
; IGNORE_CARRY_BUFFERS   ; OFF     ; IGNORE_CARRY                                       ;
; AUTO_CASCADE_CHAINS    ; ON      ; AUTO_CASCADE                                       ;
; IGNORE_CASCADE_BUFFERS ; OFF     ; IGNORE_CASCADE                                     ;
; LPM_WIDTH              ; 8       ; Untyped                                            ;
; LPM_SIZE               ; 12      ; Untyped                                            ;
; LPM_WIDTHS             ; 4       ; Untyped                                            ;
; LPM_PIPELINE           ; 0       ; Untyped                                            ;
; CBXI_PARAMETER         ; mux_9bc ; Untyped                                            ;
; DEVICE_FAMILY          ; MAX II  ; Untyped                                            ;
+------------------------+---------+----------------------------------------------------+
Note: In order to hide this table in the UI and the text report file, please set the "Show Parameter Settings Tables in Synthesis Report" option in "Analysis and Synthesis Settings -> More Settings" to "Off".


+----------------------------------------------------------------------------------------------+
; lpm_mult Parameter Settings by Entity Instance                                               ;
+---------------------------------------+------------------------------------------------------+
; Name                                  ; Value                                                ;
+---------------------------------------+------------------------------------------------------+
; Number of entity instances            ; 2                                                    ;
; Entity Instance                       ; MAC:inst4|lpm_mult0:inst|lpm_mult:lpm_mult_component ;
;     -- LPM_WIDTHA                     ; 8                                                    ;
;     -- LPM_WIDTHB                     ; 8                                                    ;
;     -- LPM_WIDTHP                     ; 16                                                   ;
;     -- LPM_REPRESENTATION             ; SIGNED                                               ;
;     -- INPUT_A_IS_CONSTANT            ; NO                                                   ;
;     -- INPUT_B_IS_CONSTANT            ; NO                                                   ;
;     -- USE_EAB                        ; OFF                                                  ;
;     -- DEDICATED_MULTIPLIER_CIRCUITRY ; AUTO                                                 ;
;     -- INPUT_A_FIXED_VALUE            ; Bx                                                   ;
;     -- INPUT_B_FIXED_VALUE            ; Bx                                                   ;
; Entity Instance                       ; MAC:inst5|lpm_mult0:inst|lpm_mult:lpm_mult_component ;
;     -- LPM_WIDTHA                     ; 8                                                    ;
;     -- LPM_WIDTHB                     ; 8                                                    ;
;     -- LPM_WIDTHP                     ; 16                                                   ;
;     -- LPM_REPRESENTATION             ; SIGNED                                               ;
;     -- INPUT_A_IS_CONSTANT            ; NO                                                   ;
;     -- INPUT_B_IS_CONSTANT            ; NO                                                   ;
;     -- USE_EAB                        ; OFF                                                  ;
;     -- DEDICATED_MULTIPLIER_CIRCUITRY ; AUTO                                                 ;
;     -- INPUT_A_FIXED_VALUE            ; Bx                                                   ;
;     -- INPUT_B_FIXED_VALUE            ; Bx                                                   ;
+---------------------------------------+------------------------------------------------------+


+-------------------------------+
; Analysis & Synthesis Messages ;
+-------------------------------+
Info: *******************************************************************
Info: Running Quartus II Analysis & Synthesis
    Info: Version 9.0 Build 235 06/17/2009 Service Pack 2 SJ Web Edition
    Info: Processing started: Mon Dec 05 04:10:44 2016
Info: Command: quartus_map --read_settings_files=on --write_settings_files=off finalPoject -c finalPoject
Info: Found 1 design units, including 1 entities, in source file reg1bit.bdf
    Info: Found entity 1: reg1bit
Info: Found 1 design units, including 1 entities, in source file transmult.bdf
    Info: Found entity 1: transmult
Info: Found 1 design units, including 1 entities, in source file MAC.bdf
    Info: Found entity 1: MAC
Info: Found 1 design units, including 1 entities, in source file controller.v
    Info: Found entity 1: controller
Info: Found 1 design units, including 1 entities, in source file reg8bit.bdf
    Info: Found entity 1: reg8bit
Info: Found 1 design units, including 1 entities, in source file reg96bit.bdf
    Info: Found entity 1: reg96bit
Info: Found 1 design units, including 1 entities, in source file demux1to12.v
    Info: Found entity 1: demux1to12
Warning (10238): Verilog Module Declaration warning at demux1to12_16bit.v(3): ignored anonymous port(s) indicated by duplicate or dangling comma(s) in the port list for module "demux1to12_16bit"
Info: Found 1 design units, including 1 entities, in source file demux1to12_16bit.v
    Info: Found entity 1: demux1to12_16bit
Info: Found 1 design units, including 1 entities, in source file reg16bit.bdf
    Info: Found entity 1: reg16bit
Info: Found 1 design units, including 1 entities, in source file reg160bitFinal.bdf
    Info: Found entity 1: reg160bitFinal
Info: Found 1 design units, including 1 entities, in source file reg96bitV.v
    Info: Found entity 1: reg96bitV
Info: Found 1 design units, including 1 entities, in source file MAC_Checker.v
    Info: Found entity 1: MAC_Checker
Info: Found 1 design units, including 1 entities, in source file MACV.v
    Info: Found entity 1: MACV
Info: Found 1 design units, including 1 entities, in source file dontCareFilter.v
    Info: Found entity 1: dontCareFilter
Info: Found 1 design units, including 1 entities, in source file reg160bitV.v
    Info: Found entity 1: reg160bitV
Info: Found 1 design units, including 1 entities, in source file pos_delay.v
    Info: Found entity 1: pos_delay
Info: Elaborating entity "transmult" for the top level hierarchy
Warning: Pin "load_input" not connected
Warning: Primitive "GND" of instance "inst3" not used
Info: Elaborating entity "pos_delay" for hierarchy "pos_delay:inst10"
Info: Elaborating entity "controller" for hierarchy "controller:inst2"
Warning (10036): Verilog HDL or VHDL warning at controller.v(47): object "mem_clr" assigned a value but never read
Warning (10235): Verilog HDL Always Construct warning at controller.v(51): variable "cf_load" is read inside the Always Construct but isn't in the Always Construct's Event Control
Warning (10240): Verilog HDL Always Construct warning at controller.v(35): inferring latch(es) for variable "MAC_Reset1", which holds its previous value in one or more paths through the always construct
Warning (10240): Verilog HDL Always Construct warning at controller.v(35): inferring latch(es) for variable "MAC_Reset2", which holds its previous value in one or more paths through the always construct
Warning (10240): Verilog HDL Always Construct warning at controller.v(35): inferring latch(es) for variable "demuxto12_sel", which holds its previous value in one or more paths through the always construct
Warning (10240): Verilog HDL Always Construct warning at controller.v(35): inferring latch(es) for variable "mux_select1", which holds its previous value in one or more paths through the always construct
Warning (10240): Verilog HDL Always Construct warning at controller.v(35): inferring latch(es) for variable "mux_select2", which holds its previous value in one or more paths through the always construct
Warning (10240): Verilog HDL Always Construct warning at controller.v(35): inferring latch(es) for variable "mux_select3", which holds its previous value in one or more paths through the always construct
Warning (10240): Verilog HDL Always Construct warning at controller.v(35): inferring latch(es) for variable "demux16bit_sel1", which holds its previous value in one or more paths through the always construct
Warning (10240): Verilog HDL Always Construct warning at controller.v(35): inferring latch(es) for variable "demux16bit_sel2", which holds its previous value in one or more paths through the always construct
Warning (10240): Verilog HDL Always Construct warning at controller.v(35): inferring latch(es) for variable "final_mux_sel", which holds its previous value in one or more paths through the always construct
Warning (10240): Verilog HDL Always Construct warning at controller.v(35): inferring latch(es) for variable "reg96_ld", which holds its previous value in one or more paths through the always construct
Warning (10240): Verilog HDL Always Construct warning at controller.v(35): inferring latch(es) for variable "reg106_ld", which holds its previous value in one or more paths through the always construct
Warning (10034): Output port "output_clr" at controller.v(6) has no driver
Warning (10034): Output port "mem_clr" at controller.v(6) has no driver
Info (10041): Inferred latch for "reg106_ld" at controller.v(35)
Info (10041): Inferred latch for "reg96_ld" at controller.v(35)
Info (10041): Inferred latch for "final_mux_sel[0]" at controller.v(35)
Info (10041): Inferred latch for "final_mux_sel[1]" at controller.v(35)
Info (10041): Inferred latch for "final_mux_sel[2]" at controller.v(35)
Info (10041): Inferred latch for "final_mux_sel[3]" at controller.v(35)
Info (10041): Inferred latch for "demux16bit_sel2[0]" at controller.v(35)
Info (10041): Inferred latch for "demux16bit_sel2[1]" at controller.v(35)
Info (10041): Inferred latch for "demux16bit_sel2[2]" at controller.v(35)
Info (10041): Inferred latch for "demux16bit_sel1[0]" at controller.v(35)
Info (10041): Inferred latch for "demux16bit_sel1[1]" at controller.v(35)
Info (10041): Inferred latch for "demux16bit_sel1[2]" at controller.v(35)
Info (10041): Inferred latch for "mux_select3[0]" at controller.v(35)
Info (10041): Inferred latch for "mux_select3[1]" at controller.v(35)
Info (10041): Inferred latch for "mux_select3[2]" at controller.v(35)
Info (10041): Inferred latch for "mux_select3[3]" at controller.v(35)
Info (10041): Inferred latch for "mux_select2[0]" at controller.v(35)
Info (10041): Inferred latch for "mux_select2[1]" at controller.v(35)
Info (10041): Inferred latch for "mux_select2[2]" at controller.v(35)
Info (10041): Inferred latch for "mux_select2[3]" at controller.v(35)
Info (10041): Inferred latch for "mux_select1[0]" at controller.v(35)
Info (10041): Inferred latch for "mux_select1[1]" at controller.v(35)
Info (10041): Inferred latch for "mux_select1[2]" at controller.v(35)
Info (10041): Inferred latch for "mux_select1[3]" at controller.v(35)
Info (10041): Inferred latch for "demuxto12_sel[0]" at controller.v(35)
Info (10041): Inferred latch for "demuxto12_sel[1]" at controller.v(35)
Info (10041): Inferred latch for "demuxto12_sel[2]" at controller.v(35)
Info (10041): Inferred latch for "demuxto12_sel[3]" at controller.v(35)
Info (10041): Inferred latch for "MAC_Reset2" at controller.v(35)
Info (10041): Inferred latch for "MAC_Reset1" at controller.v(35)
Warning: Using design file lpm_mux1.tdf, which is not specified as a design file for the current project, but contains definitions for 1 design units and 1 entities in project
    Info: Found entity 1: lpm_mux1
Info: Elaborating entity "lpm_mux1" for hierarchy "lpm_mux1:inst13"
Info: Elaborating entity "lpm_mux" for hierarchy "lpm_mux1:inst13|lpm_mux:lpm_mux_component"
Info: Elaborated megafunction instantiation "lpm_mux1:inst13|lpm_mux:lpm_mux_component"
Info: Instantiated megafunction "lpm_mux1:inst13|lpm_mux:lpm_mux_component" with the following parameter:
    Info: Parameter "LPM_TYPE" = "LPM_MUX"
    Info: Parameter "LPM_WIDTH" = "16"
    Info: Parameter "LPM_SIZE" = "12"
    Info: Parameter "LPM_WIDTHS" = "4"
    Info: Parameter "LPM_PIPELINE" = "1"
Info: Found 1 design units, including 1 entities, in source file db/mux_gae.tdf
    Info: Found entity 1: mux_gae
Info: Elaborating entity "mux_gae" for hierarchy "lpm_mux1:inst13|lpm_mux:lpm_mux_component|mux_gae:auto_generated"
Info: Elaborating entity "demux1to12_16bit" for hierarchy "demux1to12_16bit:inst11"
Info: Elaborating entity "MAC" for hierarchy "MAC:inst4"
Info: Elaborating entity "MAC_Checker" for hierarchy "MAC:inst4|MAC_Checker:inst1"
Warning: Using design file lpm_add_sub0.tdf, which is not specified as a design file for the current project, but contains definitions for 1 design units and 1 entities in project
    Info: Found entity 1: lpm_add_sub0
Info: Elaborating entity "lpm_add_sub0" for hierarchy "MAC:inst4|lpm_add_sub0:inst6"
Info: Elaborating entity "lpm_add_sub" for hierarchy "MAC:inst4|lpm_add_sub0:inst6|lpm_add_sub:lpm_add_sub_component"
Info: Elaborated megafunction instantiation "MAC:inst4|lpm_add_sub0:inst6|lpm_add_sub:lpm_add_sub_component"
Info: Instantiated megafunction "MAC:inst4|lpm_add_sub0:inst6|lpm_add_sub:lpm_add_sub_component" with the following parameter:
    Info: Parameter "LPM_TYPE" = "LPM_ADD_SUB"
    Info: Parameter "LPM_HINT" = "ONE_INPUT_IS_CONSTANT=NO,CIN_USED=NO"
    Info: Parameter "LPM_WIDTH" = "16"
    Info: Parameter "LPM_REPRESENTATION" = "SIGNED"
    Info: Parameter "LPM_DIRECTION" = "ADD"
Info: Elaborating entity "addcore" for hierarchy "MAC:inst4|lpm_add_sub0:inst6|lpm_add_sub:lpm_add_sub_component|addcore:adder"
Info: Elaborated megafunction instantiation "MAC:inst4|lpm_add_sub0:inst6|lpm_add_sub:lpm_add_sub_component|addcore:adder", which is child of megafunction instantiation "MAC:inst4|lpm_add_sub0:inst6|lpm_add_sub:lpm_add_sub_component"
Info: Elaborating entity "a_csnbuffer" for hierarchy "MAC:inst4|lpm_add_sub0:inst6|lpm_add_sub:lpm_add_sub_component|addcore:adder|a_csnbuffer:oflow_node"
Info: Elaborated megafunction instantiation "MAC:inst4|lpm_add_sub0:inst6|lpm_add_sub:lpm_add_sub_component|addcore:adder|a_csnbuffer:oflow_node", which is child of megafunction instantiation "MAC:inst4|lpm_add_sub0:inst6|lpm_add_sub:lpm_add_sub_component"
Info: Elaborating entity "a_csnbuffer" for hierarchy "MAC:inst4|lpm_add_sub0:inst6|lpm_add_sub:lpm_add_sub_component|addcore:adder|a_csnbuffer:result_node"
Info: Elaborated megafunction instantiation "MAC:inst4|lpm_add_sub0:inst6|lpm_add_sub:lpm_add_sub_component|addcore:adder|a_csnbuffer:result_node", which is child of megafunction instantiation "MAC:inst4|lpm_add_sub0:inst6|lpm_add_sub:lpm_add_sub_component"
Info: Elaborating entity "altshift" for hierarchy "MAC:inst4|lpm_add_sub0:inst6|lpm_add_sub:lpm_add_sub_component|altshift:result_ext_latency_ffs"
Info: Elaborated megafunction instantiation "MAC:inst4|lpm_add_sub0:inst6|lpm_add_sub:lpm_add_sub_component|altshift:result_ext_latency_ffs", which is child of megafunction instantiation "MAC:inst4|lpm_add_sub0:inst6|lpm_add_sub:lpm_add_sub_component"
Info: Elaborating entity "altshift" for hierarchy "MAC:inst4|lpm_add_sub0:inst6|lpm_add_sub:lpm_add_sub_component|altshift:carry_ext_latency_ffs"
Info: Elaborated megafunction instantiation "MAC:inst4|lpm_add_sub0:inst6|lpm_add_sub:lpm_add_sub_component|altshift:carry_ext_latency_ffs", which is child of megafunction instantiation "MAC:inst4|lpm_add_sub0:inst6|lpm_add_sub:lpm_add_sub_component"
Warning: Using design file lpm_mult0.tdf, which is not specified as a design file for the current project, but contains definitions for 1 design units and 1 entities in project
    Info: Found entity 1: lpm_mult0
Info: Elaborating entity "lpm_mult0" for hierarchy "MAC:inst4|lpm_mult0:inst"
Info: Elaborating entity "lpm_mult" for hierarchy "MAC:inst4|lpm_mult0:inst|lpm_mult:lpm_mult_component"
Info: Elaborated megafunction instantiation "MAC:inst4|lpm_mult0:inst|lpm_mult:lpm_mult_component"
Info: Instantiated megafunction "MAC:inst4|lpm_mult0:inst|lpm_mult:lpm_mult_component" with the following parameter:
    Info: Parameter "LPM_TYPE" = "LPM_MULT"
    Info: Parameter "LPM_HINT" = "MAXIMIZE_SPEED=5"
    Info: Parameter "LPM_WIDTHA" = "8"
    Info: Parameter "LPM_WIDTHB" = "8"
    Info: Parameter "LPM_WIDTHP" = "16"
    Info: Parameter "LPM_REPRESENTATION" = "SIGNED"
Info: Found 1 design units, including 1 entities, in source file db/mult_0km.tdf
    Info: Found entity 1: mult_0km
Info: Elaborating entity "mult_0km" for hierarchy "MAC:inst4|lpm_mult0:inst|lpm_mult:lpm_mult_component|mult_0km:auto_generated"
Warning: Using design file lpm_mux0.tdf, which is not specified as a design file for the current project, but contains definitions for 1 design units and 1 entities in project
    Info: Found entity 1: lpm_mux0
Info: Elaborating entity "lpm_mux0" for hierarchy "lpm_mux0:inst7"
Info: Elaborating entity "lpm_mux" for hierarchy "lpm_mux0:inst7|lpm_mux:lpm_mux_component"
Info: Elaborated megafunction instantiation "lpm_mux0:inst7|lpm_mux:lpm_mux_component"
Info: Instantiated megafunction "lpm_mux0:inst7|lpm_mux:lpm_mux_component" with the following parameter:
    Info: Parameter "LPM_TYPE" = "LPM_MUX"
    Info: Parameter "LPM_WIDTH" = "8"
    Info: Parameter "LPM_SIZE" = "12"
    Info: Parameter "LPM_WIDTHS" = "4"
Info: Found 1 design units, including 1 entities, in source file db/mux_9bc.tdf
    Info: Found entity 1: mux_9bc
Info: Elaborating entity "mux_9bc" for hierarchy "lpm_mux0:inst7|lpm_mux:lpm_mux_component|mux_9bc:auto_generated"
Info: Elaborating entity "demux1to12" for hierarchy "demux1to12:inst"
Info: Ignored 220 buffer(s)
    Info: Ignored 220 SOFT buffer(s)
Info: Ignored 156 buffer(s)
    Info: Ignored 156 SOFT buffer(s)
Warning: Latch controller:inst2|demux16bit_sel1[0] has unsafe behavior
    Warning: Ports D and ENA on the latch are fed by the same signal controller:inst2|pstate.S5
Warning: Latch controller:inst2|demux16bit_sel1[1] has unsafe behavior
    Warning: Ports D and ENA on the latch are fed by the same signal controller:inst2|pstate.S5
Warning: Latch controller:inst2|demux16bit_sel1[2] has unsafe behavior
    Warning: Ports D and ENA on the latch are fed by the same signal controller:inst2|pstate.S5
Info: 5 registers lost all their fanouts during netlist optimizations. The first 5 are displayed below.
    Info: Register "controller:inst2|pstate~10" lost all its fanouts during netlist optimizations.
    Info: Register "controller:inst2|pstate~11" lost all its fanouts during netlist optimizations.
    Info: Register "controller:inst2|pstate~12" lost all its fanouts during netlist optimizations.
    Info: Register "controller:inst2|pstate~13" lost all its fanouts during netlist optimizations.
    Info: Register "controller:inst2|pstate~14" lost all its fanouts during netlist optimizations.
Warning: Design contains 1 input pin(s) that do not drive logic
    Warning (15610): No output dependent on input pin "load_input"
Info: Implemented 1123 device resources after synthesis - the final resource count might be different
    Info: Implemented 12 input pins
    Info: Implemented 81 output pins
    Info: Implemented 1030 logic cells
Info: Quartus II Analysis & Synthesis was successful. 0 errors, 30 warnings
    Info: Peak virtual memory: 228 megabytes
    Info: Processing ended: Mon Dec 05 04:10:48 2016
    Info: Elapsed time: 00:00:04
    Info: Total CPU time (on all processors): 00:00:05


